\BOOKMARK [1][-]{section.1}{Overview}{}% 1
\BOOKMARK [2][-]{subsection.1.1}{Motivation}{section.1}% 2
\BOOKMARK [2][-]{subsection.1.2}{Basics}{section.1}% 3
\BOOKMARK [1][-]{section.2}{User Interface}{}% 4
\BOOKMARK [2][-]{subsection.2.1}{Required functions}{section.2}% 5
\BOOKMARK [3][-]{subsubsection.2.1.1}{Wrapping other languages}{subsection.2.1}% 6
\BOOKMARK [2][-]{subsection.2.2}{Field object requirements}{section.2}% 7
\BOOKMARK [3][-]{subsubsection.2.2.1}{Check you meet requirements}{subsection.2.2}% 8
\BOOKMARK [2][-]{subsection.2.3}{Basic Usage}{section.2}% 9
\BOOKMARK [2][-]{subsection.2.4}{Running in parallel}{section.2}% 10
\BOOKMARK [1][-]{section.3}{Mathematical background}{}% 11
\BOOKMARK [2][-]{subsection.3.1}{POD}{section.3}% 12
\BOOKMARK [2][-]{subsection.3.2}{BPOD}{section.3}% 13
\BOOKMARK [2][-]{subsection.3.3}{DMD}{section.3}% 14
\BOOKMARK [1][-]{section.4}{Implementation and Computation}{}% 15
\BOOKMARK [2][-]{subsection.4.1}{FieldOperations class}{section.4}% 16
\BOOKMARK [2][-]{subsection.4.2}{Inner product matrices}{section.4}% 17
\BOOKMARK [2][-]{subsection.4.3}{Linear combinations}{section.4}% 18
\BOOKMARK [1][-]{section.5}{Previous parallelizations}{}% 19
\BOOKMARK [2][-]{subsection.5.1}{Original distributed version}{section.5}% 20
\BOOKMARK [2][-]{subsection.5.2}{Shared memory version}{section.5}% 21
\BOOKMARK [1][-]{section.6}{Additional Utilities}{}% 22
\BOOKMARK [1][-]{section.7}{Final notes and tips}{}% 23
